Performing C SOURCE FILE Test CMAKE_HAVE_LIBC_PTHREAD failed with the following output:
Change Dir: /home/ydt/Desktop/db2024/rmdb/rmdb/build/CMakeFiles/CMakeScratch/TryCompile-rtdKu1

Run Build Command(s):/usr/bin/make -f Makefile cmTC_ee204/fast && /usr/bin/make  -f CMakeFiles/cmTC_ee204.dir/build.make CMakeFiles/cmTC_ee204.dir/build
make[1]: 进入目录“/home/ydt/Desktop/db2024/rmdb/rmdb/build/CMakeFiles/CMakeScratch/TryCompile-rtdKu1”
Building C object CMakeFiles/cmTC_ee204.dir/src.c.o
/usr/bin/cc -DCMAKE_HAVE_LIBC_PTHREAD   -o CMakeFiles/cmTC_ee204.dir/src.c.o -c /home/ydt/Desktop/db2024/rmdb/rmdb/build/CMakeFiles/CMakeScratch/TryCompile-rtdKu1/src.c
Linking C executable cmTC_ee204
/usr/local/bin/cmake -E cmake_link_script CMakeFiles/cmTC_ee204.dir/link.txt --verbose=1
/usr/bin/cc CMakeFiles/cmTC_ee204.dir/src.c.o -o cmTC_ee204 
/usr/bin/ld: CMakeFiles/cmTC_ee204.dir/src.c.o: in function `main':
src.c:(.text+0x46): undefined reference to `pthread_create'
/usr/bin/ld: src.c:(.text+0x52): undefined reference to `pthread_detach'
/usr/bin/ld: src.c:(.text+0x5e): undefined reference to `pthread_cancel'
/usr/bin/ld: src.c:(.text+0x6f): undefined reference to `pthread_join'
collect2: error: ld returned 1 exit status
make[1]: *** [CMakeFiles/cmTC_ee204.dir/build.make:99：cmTC_ee204] 错误 1
make[1]: 离开目录“/home/ydt/Desktop/db2024/rmdb/rmdb/build/CMakeFiles/CMakeScratch/TryCompile-rtdKu1”
make: *** [Makefile:127：cmTC_ee204/fast] 错误 2


Source file was:
#include <pthread.h>

static void* test_func(void* data)
{
  return data;
}

int main(void)
{
  pthread_t thread;
  pthread_create(&thread, NULL, test_func, NULL);
  pthread_detach(thread);
  pthread_cancel(thread);
  pthread_join(thread, NULL);
  pthread_atfork(NULL, NULL, NULL);
  pthread_exit(NULL);

  return 0;
}


Determining if the function pthread_create exists in the pthreads failed with the following output:
Change Dir: /home/ydt/Desktop/db2024/rmdb/rmdb/build/CMakeFiles/CMakeScratch/TryCompile-zcnpk0

Run Build Command(s):/usr/bin/make -f Makefile cmTC_c54de/fast && /usr/bin/make  -f CMakeFiles/cmTC_c54de.dir/build.make CMakeFiles/cmTC_c54de.dir/build
make[1]: 进入目录“/home/ydt/Desktop/db2024/rmdb/rmdb/build/CMakeFiles/CMakeScratch/TryCompile-zcnpk0”
Building C object CMakeFiles/cmTC_c54de.dir/CheckFunctionExists.c.o
/usr/bin/cc   -DCHECK_FUNCTION_EXISTS=pthread_create -o CMakeFiles/cmTC_c54de.dir/CheckFunctionExists.c.o -c /home/ydt/Desktop/db2024/rmdb/rmdb/build/CMakeFiles/CMakeScratch/TryCompile-zcnpk0/CheckFunctionExists.c
Linking C executable cmTC_c54de
/usr/local/bin/cmake -E cmake_link_script CMakeFiles/cmTC_c54de.dir/link.txt --verbose=1
/usr/bin/cc  -DCHECK_FUNCTION_EXISTS=pthread_create CMakeFiles/cmTC_c54de.dir/CheckFunctionExists.c.o -o cmTC_c54de  -lpthreads 
/usr/bin/ld: 找不到 -lpthreads
collect2: error: ld returned 1 exit status
make[1]: *** [CMakeFiles/cmTC_c54de.dir/build.make:99：cmTC_c54de] 错误 1
make[1]: 离开目录“/home/ydt/Desktop/db2024/rmdb/rmdb/build/CMakeFiles/CMakeScratch/TryCompile-zcnpk0”
make: *** [Makefile:127：cmTC_c54de/fast] 错误 2



